<?xml version="1.0" encoding="UTF-8"?>
<coverage generated="1744984737807" clover="3.2.0">
  <project timestamp="1744984737807" name="All files">
    <metrics statements="10" coveredstatements="8" conditionals="2" coveredconditionals="2" methods="2" coveredmethods="1" elements="14" coveredelements="11" complexity="0" loc="10" ncloc="10" packages="1" files="1" classes="1"/>
    <file name="dummy-service.js" path="C:\Users\HP\OneDrive - Dynamic Techno\Documents\SanketMongo\Twitter\src\services\dummy-service.js">
      <metrics statements="10" coveredstatements="8" conditionals="2" coveredconditionals="2" methods="2" coveredmethods="1"/>
      <line num="1" count="1" type="stmt"/>
      <line num="2" count="0" type="stmt"/>
      <line num="3" count="0" type="stmt"/>
      <line num="6" count="1" type="stmt"/>
      <line num="7" count="2" type="stmt"/>
      <line num="8" count="2" type="stmt"/>
      <line num="9" count="2" type="cond" truecount="2" falsecount="0"/>
      <line num="10" count="1" type="stmt"/>
      <line num="12" count="1" type="stmt"/>
      <line num="15" count="1" type="stmt"/>
    </file>
  </project>
</coverage>
