{"C:\\Users\\HP\\OneDrive - Dynamic Techno\\Documents\\SanketMongo\\Twitter\\src\\services\\dummy-service.js": {"path":"C:\\Users\\HP\\OneDrive - Dynamic Techno\\Documents\\SanketMongo\\Twitter\\src\\services\\dummy-service.js","statementMap":{"0":{"start":{"line":1,"column":15},"end":{"line":4,"column":1}},"1":{"start":{"line":2,"column":16},"end":{"line":2,"column":46}},"2":{"start":{"line":3,"column":4},"end":{"line":3,"column":24}},"3":{"start":{"line":6,"column":16},"end":{"line":13,"column":1}},"4":{"start":{"line":7,"column":19},"end":{"line":7,"column":42}},"5":{"start":{"line":8,"column":4},"end":{"line":8,"column":24}},"6":{"start":{"line":9,"column":4},"end":{"line":12,"column":34}},"7":{"start":{"line":10,"column":8},"end":{"line":10,"column":28}},"8":{"start":{"line":12,"column":9},"end":{"line":12,"column":34}},"9":{"start":{"line":15,"column":0},"end":{"line":18,"column":1}}},"fnMap":{"0":{"name":"(anonymous_0)","decl":{"start":{"line":1,"column":15},"end":{"line":1,"column":16}},"loc":{"start":{"line":1,"column":21},"end":{"line":4,"column":1}},"line":1},"1":{"name":"(anonymous_1)","decl":{"start":{"line":6,"column":16},"end":{"line":6,"column":17}},"loc":{"start":{"line":6,"column":22},"end":{"line":13,"column":1}},"line":6}},"branchMap":{"0":{"loc":{"start":{"line":9,"column":4},"end":{"line":12,"column":34}},"type":"if","locations":[{"start":{"line":9,"column":4},"end":{"line":12,"column":34}},{"start":{"line":12,"column":9},"end":{"line":12,"column":34}}],"line":9}},"s":{"0":1,"1":0,"2":0,"3":1,"4":2,"5":2,"6":2,"7":1,"8":1,"9":1},"f":{"0":0,"1":2},"b":{"0":[1,1]},"_coverageSchema":"1a1c01bbd47fc00a2c39e90264f33305004495a9","hash":"b38bfc1db464cb1774b99f96a76ab2321b1b39f1"}
}
